2021-05-15 15:36:15,388 INFO org.springframework.web.servlet.FrameworkServlet [http-nio-8081-exec-1] Completed initialization in 1 ms
2021-05-15 15:36:15,531 INFO com.iiitb.sportitup.controller.UserController [http-nio-8081-exec-2] [Login by user with id] - 1
2021-05-15 15:36:26,669 INFO com.iiitb.sportitup.controller.ActivityController [http-nio-8081-exec-7] [User joined the activity] - 17
2021-05-15 16:30:48,872 INFO com.iiitb.sportitup.controller.UserController [http-nio-8081-exec-2] [Login by user with id] - 1
2021-05-15 16:31:07,382 INFO com.iiitb.sportitup.service.BookingService [http-nio-8081-exec-7] [New Booking Created with id] - 29
2021-05-15 16:31:34,314 INFO com.iiitb.sportitup.service.ActivityService [http-nio-8081-exec-7] [New Activity Created with id] - 30
2021-05-15 16:32:03,421 INFO com.iiitb.sportitup.controller.ActivityController [http-nio-8081-exec-10] [User joined the activity] - 23
2021-05-15 16:32:05,424 INFO com.iiitb.sportitup.controller.ActivityController [http-nio-8081-exec-2] [User joined the activity] - 23
2021-05-15 16:32:53,462 INFO com.iiitb.sportitup.controller.UserController [http-nio-8081-exec-2] [New user created with id] - 31
2021-05-15 16:33:42,772 INFO com.iiitb.sportitup.controller.UserController [http-nio-8081-exec-4] [New user created with id] - 32
2021-05-15 16:33:50,351 INFO com.iiitb.sportitup.controller.UserController [http-nio-8081-exec-6] [Login by user with id] - 32
2021-05-15 16:38:11,530 INFO com.iiitb.sportitup.controller.VenueController [http-nio-8081-exec-4] [Venue created with venueId] - 5
2021-05-15 21:11:49,730 INFO org.springframework.boot.StartupInfoLogger [main] Starting SportitupApplication using Java 11.0.11 on ubuntu2020 with PID 42548 (/home/nihar/Desktop/SportItUp-Application/target/classes started by nihar in /home/nihar/Desktop/SportItUp-Application)
2021-05-15 21:11:49,733 INFO org.springframework.boot.SpringApplication [main] No active profile set, falling back to default profiles: default
2021-05-15 21:11:50,209 INFO org.springframework.data.repository.config.RepositoryConfigurationDelegate [main] Bootstrapping Spring Data JPA repositories in DEFAULT mode.
2021-05-15 21:11:50,259 INFO org.springframework.data.repository.config.RepositoryConfigurationDelegate [main] Finished Spring Data repository scanning in 43 ms. Found 5 JPA repository interfaces.
2021-05-15 21:11:50,589 INFO org.springframework.boot.web.embedded.tomcat.TomcatWebServer [main] Tomcat initialized with port(s): 8081 (http)
2021-05-15 21:11:50,594 INFO org.apache.juli.logging.DirectJDKLog [main] Initializing ProtocolHandler ["http-nio-8081"]
2021-05-15 21:11:50,595 INFO org.apache.juli.logging.DirectJDKLog [main] Starting service [Tomcat]
2021-05-15 21:11:50,595 INFO org.apache.juli.logging.DirectJDKLog [main] Starting Servlet engine: [Apache Tomcat/9.0.44]
2021-05-15 21:11:50,647 INFO org.apache.juli.logging.DirectJDKLog [main] Initializing Spring embedded WebApplicationContext
2021-05-15 21:11:50,648 INFO org.springframework.boot.web.servlet.context.ServletWebServerApplicationContext [main] Root WebApplicationContext: initialization completed in 874 ms
2021-05-15 21:11:50,752 INFO org.hibernate.jpa.internal.util.LogHelper [main] HHH000204: Processing PersistenceUnitInfo [name: default]
2021-05-15 21:11:50,778 INFO org.hibernate.Version [main] HHH000412: Hibernate ORM core version 5.4.29.Final
2021-05-15 21:11:50,854 INFO org.hibernate.annotations.common.reflection.java.JavaReflectionManager [main] HCANN000001: Hibernate Commons Annotations {5.1.2.Final}
2021-05-15 21:11:50,905 INFO com.zaxxer.hikari.HikariDataSource [main] HikariPool-1 - Starting...
2021-05-15 21:11:51,219 INFO com.zaxxer.hikari.HikariDataSource [main] HikariPool-1 - Start completed.
2021-05-15 21:11:51,226 INFO org.hibernate.dialect.Dialect [main] HHH000400: Using dialect: org.hibernate.dialect.MySQL5Dialect
2021-05-15 21:11:51,425 INFO org.hibernate.tuple.PojoInstantiator [main] HHH000182: No default (no-argument) constructor for class: com.iiitb.sportitup.bean.Event (class must be instantiated by Interceptor)
2021-05-15 21:11:51,836 INFO org.hibernate.engine.transaction.jta.platform.internal.JtaPlatformInitiator [main] HHH000490: Using JtaPlatform implementation: [org.hibernate.engine.transaction.jta.platform.internal.NoJtaPlatform]
2021-05-15 21:11:51,843 INFO org.springframework.orm.jpa.AbstractEntityManagerFactoryBean [main] Initialized JPA EntityManagerFactory for persistence unit 'default'
2021-05-15 21:11:52,138 WARN org.springframework.boot.autoconfigure.orm.jpa.JpaBaseConfiguration$JpaWebConfiguration [main] spring.jpa.open-in-view is enabled by default. Therefore, database queries may be performed during view rendering. Explicitly configure spring.jpa.open-in-view to disable this warning
2021-05-15 21:11:52,196 INFO org.springframework.scheduling.concurrent.ExecutorConfigurationSupport [main] Initializing ExecutorService 'applicationTaskExecutor'
2021-05-15 21:11:52,337 INFO org.apache.juli.logging.DirectJDKLog [main] Starting ProtocolHandler ["http-nio-8081"]
2021-05-15 21:11:52,350 INFO org.springframework.boot.web.embedded.tomcat.TomcatWebServer [main] Tomcat started on port(s): 8081 (http) with context path ''
2021-05-15 21:11:52,357 INFO org.springframework.boot.StartupInfoLogger [main] Started SportitupApplication in 3.013 seconds (JVM running for 3.558)
